[2022-06-03 07:40:47] local.ERROR: Missing required parameters for [Route: getOffAllFiltered] [URI: admin/gestione-faq/offerte-alloggio/tip/{tipologia}/data_init/{data_init}/data_fin/{data_fin}]. (View: C:\Users\DELL\Desktop\Università\Terzo anno\Tecnologie web\Tecnologie-Web-2022\laraProj5\resources\views\home\home-admin.blade.php) {"userId":4,"exception":"[object] (Facade\\Ignition\\Exceptions\\ViewException(code: 0): Missing required parameters for [Route: getOffAllFiltered] [URI: admin/gestione-faq/offerte-alloggio/tip/{tipologia}/data_init/{data_init}/data_fin/{data_fin}]. (View: C:\\Users\\DELL\\Desktop\\Università\\Terzo anno\\Tecnologie web\\Tecnologie-Web-2022\\laraProj5\esources\\views\\home\\home-admin.blade.php) at C:\\Users\\DELL\\Desktop\\Università\\Terzo anno\\Tecnologie web\\Tecnologie-Web-2022\\laraProj5\\vendor\\laravel\\framework\\src\\Illuminate\\Routing\\Exceptions\\UrlGenerationException.php:17)
[stacktrace]
#0 C:\\Users\\DELL\\Desktop\\Università\\Terzo anno\\Tecnologie web\\Tecnologie-Web-2022\\laraProj5\\vendor\\laravel\\framework\\src\\Illuminate\\Routing\\RouteUrlGenerator.php(91): Illuminate\\Routing\\Exceptions\\UrlGenerationException::forMissingParameters()
#1 C:\\Users\\DELL\\Desktop\\Università\\Terzo anno\\Tecnologie web\\Tecnologie-Web-2022\\laraProj5\\vendor\\laravel\\framework\\src\\Illuminate\\Routing\\UrlGenerator.php(453): Illuminate\\Routing\\RouteUrlGenerator->to()
#2 C:\\Users\\DELL\\Desktop\\Università\\Terzo anno\\Tecnologie web\\Tecnologie-Web-2022\\laraProj5\\vendor\\laravel\\framework\\src\\Illuminate\\Routing\\UrlGenerator.php(434): Illuminate\\Routing\\UrlGenerator->toRoute()
#3 C:\\Users\\DELL\\Desktop\\Università\\Terzo anno\\Tecnologie web\\Tecnologie-Web-2022\\laraProj5\\vendor\\laravelcollective\\html\\src\\FormBuilder.php(1210): Illuminate\\Routing\\UrlGenerator->route()
#4 C:\\Users\\DELL\\Desktop\\Università\\Terzo anno\\Tecnologie web\\Tecnologie-Web-2022\\laraProj5\\vendor\\laravelcollective\\html\\src\\FormBuilder.php(1165): Collective\\Html\\FormBuilder->getRouteAction()
#5 C:\\Users\\DELL\\Desktop\\Università\\Terzo anno\\Tecnologie web\\Tecnologie-Web-2022\\laraProj5\\vendor\\laravelcollective\\html\\src\\FormBuilder.php(144): Collective\\Html\\FormBuilder->getAction()
#6 C:\\Users\\DELL\\Desktop\\Università\\Terzo anno\\Tecnologie web\\Tecnologie-Web-2022\\laraProj5\\vendor\\laravel\\framework\\src\\Illuminate\\Support\\Facades\\Facade.php(261): Collective\\Html\\FormBuilder->open()
#7 C:\\Users\\DELL\\Desktop\\Università\\Terzo anno\\Tecnologie web\\Tecnologie-Web-2022\\laraProj5\esources\\views/home/home-admin.blade.php(33): Illuminate\\Support\\Facades\\Facade::__callStatic()
#8 C:\\Users\\DELL\\Desktop\\Università\\Terzo anno\\Tecnologie web\\Tecnologie-Web-2022\\laraProj5\\vendor\\laravel\\framework\\src\\Illuminate\\View\\Engines\\PhpEngine.php(43): include('C:\\\\Users\\\\DELL\\\\D...')
#9 C:\\Users\\DELL\\Desktop\\Università\\Terzo anno\\Tecnologie web\\Tecnologie-Web-2022\\laraProj5\\vendor\\laravel\\framework\\src\\Illuminate\\View\\Engines\\CompilerEngine.php(59): Illuminate\\View\\Engines\\PhpEngine->evaluatePath()
#10 C:\\Users\\DELL\\Desktop\\Università\\Terzo anno\\Tecnologie web\\Tecnologie-Web-2022\\laraProj5\\vendor\\facade\\ignition\\src\\Views\\Engines\\CompilerEngine.php(36): Illuminate\\View\\Engines\\CompilerEngine->get()
#11 C:\\Users\\DELL\\Desktop\\Università\\Terzo anno\\Tecnologie web\\Tecnologie-Web-2022\\laraProj5\\vendor\\laravel\\framework\\src\\Illuminate\\View\\View.php(143): Facade\\Ignition\\Views\\Engines\\CompilerEngine->get()
#12 C:\\Users\\DELL\\Desktop\\Università\\Terzo anno\\Tecnologie web\\Tecnologie-Web-2022\\laraProj5\\vendor\\laravel\\framework\\src\\Illuminate\\View\\View.php(126): Illuminate\\View\\View->getContents()
#13 C:\\Users\\DELL\\Desktop\\Università\\Terzo anno\\Tecnologie web\\Tecnologie-Web-2022\\laraProj5\\vendor\\laravel\\framework\\src\\Illuminate\\View\\View.php(91): Illuminate\\View\\View->renderContents()
#14 C:\\Users\\DELL\\Desktop\\Università\\Terzo anno\\Tecnologie web\\Tecnologie-Web-2022\\laraProj5\esources\\views/layouts/content-home.blade.php(24): Illuminate\\View\\View->render()
#15 C:\\Users\\DELL\\Desktop\\Università\\Terzo anno\\Tecnologie web\\Tecnologie-Web-2022\\laraProj5\\vendor\\laravel\\framework\\src\\Illuminate\\View\\Engines\\PhpEngine.php(43): include('C:\\\\Users\\\\DELL\\\\D...')
#16 C:\\Users\\DELL\\Desktop\\Università\\Terzo anno\\Tecnologie web\\Tecnologie-Web-2022\\laraProj5\\vendor\\laravel\\framework\\src\\Illuminate\\View\\Engines\\CompilerEngine.php(59): Illuminate\\View\\Engines\\PhpEngine->evaluatePath()
#17 C:\\Users\\DELL\\Desktop\\Università\\Terzo anno\\Tecnologie web\\Tecnologie-Web-2022\\laraProj5\\vendor\\facade\\ignition\\src\\Views\\Engines\\CompilerEngine.php(36): Illuminate\\View\\Engines\\CompilerEngine->get()
#18 C:\\Users\\DELL\\Desktop\\Università\\Terzo anno\\Tecnologie web\\Tecnologie-Web-2022\\laraProj5\\vendor\\laravel\\framework\\src\\Illuminate\\View\\View.php(143): Facade\\Ignition\\Views\\Engines\\CompilerEngine->get()
#19 C:\\Users\\DELL\\Desktop\\Università\\Terzo anno\\Tecnologie web\\Tecnologie-Web-2022\\laraProj5\\vendor\\laravel\\framework\\src\\Illuminate\\View\\View.php(126): Illuminate\\View\\View->getContents()
#20 C:\\Users\\DELL\\Desktop\\Università\\Terzo anno\\Tecnologie web\\Tecnologie-Web-2022\\laraProj5\\vendor\\laravel\\framework\\src\\Illuminate\\View\\View.php(91): Illuminate\\View\\View->renderContents()
#21 C:\\Users\\DELL\\Desktop\\Università\\Terzo anno\\Tecnologie web\\Tecnologie-Web-2022\\laraProj5\\vendor\\laravel\\framework\\src\\Illuminate\\Http\\Response.php(42): Illuminate\\View\\View->render()
#22 C:\\Users\\DELL\\Desktop\\Università\\Terzo anno\\Tecnologie web\\Tecnologie-Web-2022\\laraProj5\\vendor\\symfony\\http-foundation\\Response.php(205): Illuminate\\Http\\Response->setContent()
#23 C:\\Users\\DELL\\Desktop\\Università\\Terzo anno\\Tecnologie web\\Tecnologie-Web-2022\\laraProj5\\vendor\\laravel\\framework\\src\\Illuminate\\Routing\\Router.php(749): Symfony\\Component\\HttpFoundation\\Response->__construct()
#24 C:\\Users\\DELL\\Desktop\\Università\\Terzo anno\\Tecnologie web\\Tecnologie-Web-2022\\laraProj5\\vendor\\laravel\\framework\\src\\Illuminate\\Routing\\Router.php(721): Illuminate\\Routing\\Router::toResponse()
#25 C:\\Users\\DELL\\Desktop\\Università\\Terzo anno\\Tecnologie web\\Tecnologie-Web-2022\\laraProj5\\vendor\\laravel\\framework\\src\\Illuminate\\Routing\\Router.php(681): Illuminate\\Routing\\Router->prepareResponse()
#26 C:\\Users\\DELL\\Desktop\\Università\\Terzo anno\\Tecnologie web\\Tecnologie-Web-2022\\laraProj5\\vendor\\laravel\\framework\\src\\Illuminate\\Pipeline\\Pipeline.php(130): Illuminate\\Routing\\Router->Illuminate\\Routing\\{closure}()
#27 C:\\Users\\DELL\\Desktop\\Università\\Terzo anno\\Tecnologie web\\Tecnologie-Web-2022\\laraProj5\\vendor\\laravel\\framework\\src\\Illuminate\\Auth\\Middleware\\Authorize.php(45): Illuminate\\Pipeline\\Pipeline->Illuminate\\Pipeline\\{closure}()
#28 C:\\Users\\DELL\\Desktop\\Università\\Terzo anno\\Tecnologie web\\Tecnologie-Web-2022\\laraProj5\\vendor\\laravel\\framework\\src\\Illuminate\\Pipeline\\Pipeline.php(171): Illuminate\\Auth\\Middleware\\Authorize->handle()
#29 C:\\Users\\DELL\\Desktop\\Università\\Terzo anno\\Tecnologie web\\Tecnologie-Web-2022\\laraProj5\\vendor\\laravel\\framework\\src\\Illuminate\\Routing\\Middleware\\SubstituteBindings.php(41): Illuminate\\Pipeline\\Pipeline->Illuminate\\Pipeline\\{closure}()
#30 C:\\Users\\DELL\\Desktop\\Università\\Terzo anno\\Tecnologie web\\Tecnologie-Web-2022\\laraProj5\\vendor\\laravel\\framework\\src\\Illuminate\\Pipeline\\Pipeline.php(171): Illuminate\\Routing\\Middleware\\SubstituteBindings->handle()
#31 C:\\Users\\DELL\\Desktop\\Università\\Terzo anno\\Tecnologie web\\Tecnologie-Web-2022\\laraProj5\\vendor\\laravel\\framework\\src\\Illuminate\\Foundation\\Http\\Middleware\\VerifyCsrfToken.php(78): Illuminate\\Pipeline\\Pipeline->Illuminate\\Pipeline\\{closure}()
#32 C:\\Users\\DELL\\Desktop\\Università\\Terzo anno\\Tecnologie web\\Tecnologie-Web-2022\\laraProj5\\vendor\\laravel\\framework\\src\\Illuminate\\Pipeline\\Pipeline.php(171): Illuminate\\Foundation\\Http\\Middleware\\VerifyCsrfToken->handle()
#33 C:\\Users\\DELL\\Desktop\\Università\\Terzo anno\\Tecnologie web\\Tecnologie-Web-2022\\laraProj5\\vendor\\laravel\\framework\\src\\Illuminate\\View\\Middleware\\ShareErrorsFromSession.php(49): Illuminate\\Pipeline\\Pipeline->Illuminate\\Pipeline\\{closure}()
#34 C:\\Users\\DELL\\Desktop\\Università\\Terzo anno\\Tecnologie web\\Tecnologie-Web-2022\\laraProj5\\vendor\\laravel\\framework\\src\\Illuminate\\Pipeline\\Pipeline.php(171): Illuminate\\View\\Middleware\\ShareErrorsFromSession->handle()
#35 C:\\Users\\DELL\\Desktop\\Università\\Terzo anno\\Tecnologie web\\Tecnologie-Web-2022\\laraProj5\\vendor\\laravel\\framework\\src\\Illuminate\\Session\\Middleware\\StartSession.php(56): Illuminate\\Pipeline\\Pipeline->Illuminate\\Pipeline\\{closure}()
#36 C:\\Users\\DELL\\Desktop\\Università\\Terzo anno\\Tecnologie web\\Tecnologie-Web-2022\\laraProj5\\vendor\\laravel\\framework\\src\\Illuminate\\Pipeline\\Pipeline.php(171): Illuminate\\Session\\Middleware\\StartSession->handle()
#37 C:\\Users\\DELL\\Desktop\\Università\\Terzo anno\\Tecnologie web\\Tecnologie-Web-2022\\laraProj5\\vendor\\laravel\\framework\\src\\Illuminate\\Cookie\\Middleware\\AddQueuedCookiesToResponse.php(37): Illuminate\\Pipeline\\Pipeline->Illuminate\\Pipeline\\{closure}()
#38 C:\\Users\\DELL\\Desktop\\Università\\Terzo anno\\Tecnologie web\\Tecnologie-Web-2022\\laraProj5\\vendor\\laravel\\framework\\src\\Illuminate\\Pipeline\\Pipeline.php(171): Illuminate\\Cookie\\Middleware\\AddQueuedCookiesToResponse->handle()
#39 C:\\Users\\DELL\\Desktop\\Università\\Terzo anno\\Tecnologie web\\Tecnologie-Web-2022\\laraProj5\\vendor\\laravel\\framework\\src\\Illuminate\\Cookie\\Middleware\\EncryptCookies.php(67): Illuminate\\Pipeline\\Pipeline->Illuminate\\Pipeline\\{closure}()
#40 C:\\Users\\DELL\\Desktop\\Università\\Terzo anno\\Tecnologie web\\Tecnologie-Web-2022\\laraProj5\\vendor\\laravel\\framework\\src\\Illuminate\\Pipeline\\Pipeline.php(171): Illuminate\\Cookie\\Middleware\\EncryptCookies->handle()
#41 C:\\Users\\DELL\\Desktop\\Università\\Terzo anno\\Tecnologie web\\Tecnologie-Web-2022\\laraProj5\\vendor\\laravel\\framework\\src\\Illuminate\\Pipeline\\Pipeline.php(105): Illuminate\\Pipeline\\Pipeline->Illuminate\\Pipeline\\{closure}()
#42 C:\\Users\\DELL\\Desktop\\Università\\Terzo anno\\Tecnologie web\\Tecnologie-Web-2022\\laraProj5\\vendor\\laravel\\framework\\src\\Illuminate\\Routing\\Router.php(683): Illuminate\\Pipeline\\Pipeline->then()
#43 C:\\Users\\DELL\\Desktop\\Università\\Terzo anno\\Tecnologie web\\Tecnologie-Web-2022\\laraProj5\\vendor\\laravel\\framework\\src\\Illuminate\\Routing\\Router.php(658): Illuminate\\Routing\\Router->runRouteWithinStack()
#44 C:\\Users\\DELL\\Desktop\\Università\\Terzo anno\\Tecnologie web\\Tecnologie-Web-2022\\laraProj5\\vendor\\laravel\\framework\\src\\Illuminate\\Routing\\Router.php(624): Illuminate\\Routing\\Router->runRoute()
#45 C:\\Users\\DELL\\Desktop\\Università\\Terzo anno\\Tecnologie web\\Tecnologie-Web-2022\\laraProj5\\vendor\\laravel\\framework\\src\\Illuminate\\Routing\\Router.php(613): Illuminate\\Routing\\Router->dispatchToRoute()
#46 C:\\Users\\DELL\\Desktop\\Università\\Terzo anno\\Tecnologie web\\Tecnologie-Web-2022\\laraProj5\\vendor\\laravel\\framework\\src\\Illuminate\\Foundation\\Http\\Kernel.php(170): Illuminate\\Routing\\Router->dispatch()
#47 C:\\Users\\DELL\\Desktop\\Università\\Terzo anno\\Tecnologie web\\Tecnologie-Web-2022\\laraProj5\\vendor\\laravel\\framework\\src\\Illuminate\\Pipeline\\Pipeline.php(130): Illuminate\\Foundation\\Http\\Kernel->Illuminate\\Foundation\\Http\\{closure}()
#48 C:\\Users\\DELL\\Desktop\\Università\\Terzo anno\\Tecnologie web\\Tecnologie-Web-2022\\laraProj5\\vendor\\laravel\\framework\\src\\Illuminate\\Foundation\\Http\\Middleware\\TransformsRequest.php(21): Illuminate\\Pipeline\\Pipeline->Illuminate\\Pipeline\\{closure}()
#49 C:\\Users\\DELL\\Desktop\\Università\\Terzo anno\\Tecnologie web\\Tecnologie-Web-2022\\laraProj5\\vendor\\laravel\\framework\\src\\Illuminate\\Pipeline\\Pipeline.php(171): Illuminate\\Foundation\\Http\\Middleware\\TransformsRequest->handle()
#50 C:\\Users\\DELL\\Desktop\\Università\\Terzo anno\\Tecnologie web\\Tecnologie-Web-2022\\laraProj5\\vendor\\laravel\\framework\\src\\Illuminate\\Foundation\\Http\\Middleware\\TransformsRequest.php(21): Illuminate\\Pipeline\\Pipeline->Illuminate\\Pipeline\\{closure}()
#51 C:\\Users\\DELL\\Desktop\\Università\\Terzo anno\\Tecnologie web\\Tecnologie-Web-2022\\laraProj5\\vendor\\laravel\\framework\\src\\Illuminate\\Pipeline\\Pipeline.php(171): Illuminate\\Foundation\\Http\\Middleware\\TransformsRequest->handle()
#52 C:\\Users\\DELL\\Desktop\\Università\\Terzo anno\\Tecnologie web\\Tecnologie-Web-2022\\laraProj5\\vendor\\laravel\\framework\\src\\Illuminate\\Foundation\\Http\\Middleware\\ValidatePostSize.php(27): Illuminate\\Pipeline\\Pipeline->Illuminate\\Pipeline\\{closure}()
#53 C:\\Users\\DELL\\Desktop\\Università\\Terzo anno\\Tecnologie web\\Tecnologie-Web-2022\\laraProj5\\vendor\\laravel\\framework\\src\\Illuminate\\Pipeline\\Pipeline.php(171): Illuminate\\Foundation\\Http\\Middleware\\ValidatePostSize->handle()
#54 C:\\Users\\DELL\\Desktop\\Università\\Terzo anno\\Tecnologie web\\Tecnologie-Web-2022\\laraProj5\\vendor\\laravel\\framework\\src\\Illuminate\\Foundation\\Http\\Middleware\\CheckForMaintenanceMode.php(63): Illuminate\\Pipeline\\Pipeline->Illuminate\\Pipeline\\{closure}()
#55 C:\\Users\\DELL\\Desktop\\Università\\Terzo anno\\Tecnologie web\\Tecnologie-Web-2022\\laraProj5\\vendor\\laravel\\framework\\src\\Illuminate\\Pipeline\\Pipeline.php(171): Illuminate\\Foundation\\Http\\Middleware\\CheckForMaintenanceMode->handle()
#56 C:\\Users\\DELL\\Desktop\\Università\\Terzo anno\\Tecnologie web\\Tecnologie-Web-2022\\laraProj5\\vendor\\fideloper\\proxy\\src\\TrustProxies.php(57): Illuminate\\Pipeline\\Pipeline->Illuminate\\Pipeline\\{closure}()
#57 C:\\Users\\DELL\\Desktop\\Università\\Terzo anno\\Tecnologie web\\Tecnologie-Web-2022\\laraProj5\\vendor\\laravel\\framework\\src\\Illuminate\\Pipeline\\Pipeline.php(171): Fideloper\\Proxy\\TrustProxies->handle()
#58 C:\\Users\\DELL\\Desktop\\Università\\Terzo anno\\Tecnologie web\\Tecnologie-Web-2022\\laraProj5\\vendor\\laravel\\framework\\src\\Illuminate\\Pipeline\\Pipeline.php(105): Illuminate\\Pipeline\\Pipeline->Illuminate\\Pipeline\\{closure}()
#59 C:\\Users\\DELL\\Desktop\\Università\\Terzo anno\\Tecnologie web\\Tecnologie-Web-2022\\laraProj5\\vendor\\laravel\\framework\\src\\Illuminate\\Foundation\\Http\\Kernel.php(145): Illuminate\\Pipeline\\Pipeline->then()
#60 C:\\Users\\DELL\\Desktop\\Università\\Terzo anno\\Tecnologie web\\Tecnologie-Web-2022\\laraProj5\\vendor\\laravel\\framework\\src\\Illuminate\\Foundation\\Http\\Kernel.php(110): Illuminate\\Foundation\\Http\\Kernel->sendRequestThroughRouter()
#61 C:\\Users\\DELL\\Desktop\\Università\\Terzo anno\\Tecnologie web\\Tecnologie-Web-2022\\laraProj5\\public\\index.php(55): Illuminate\\Foundation\\Http\\Kernel->handle()
#62 C:\\Users\\DELL\\Desktop\\Università\\Terzo anno\\Tecnologie web\\Tecnologie-Web-2022\\laraProj5\\server.php(21): require_once('C:\\\\Users\\\\DELL\\\\D...')
#63 {main}

[previous exception] [object] (Illuminate\\Routing\\Exceptions\\UrlGenerationException(code: 0): Missing required parameters for [Route: getOffAllFiltered] [URI: admin/gestione-faq/offerte-alloggio/tip/{tipologia}/data_init/{data_init}/data_fin/{data_fin}]. at C:\\Users\\DELL\\Desktop\\Università\\Terzo anno\\Tecnologie web\\Tecnologie-Web-2022\\laraProj5\\vendor\\laravel\\framework\\src\\Illuminate\\Routing\\Exceptions\\UrlGenerationException.php:17)
[stacktrace]
#0 C:\\Users\\DELL\\Desktop\\Università\\Terzo anno\\Tecnologie web\\Tecnologie-Web-2022\\laraProj5\\vendor\\laravel\\framework\\src\\Illuminate\\Routing\\RouteUrlGenerator.php(91): Illuminate\\Routing\\Exceptions\\UrlGenerationException::forMissingParameters()
#1 C:\\Users\\DELL\\Desktop\\Università\\Terzo anno\\Tecnologie web\\Tecnologie-Web-2022\\laraProj5\\vendor\\laravel\\framework\\src\\Illuminate\\Routing\\UrlGenerator.php(453): Illuminate\\Routing\\RouteUrlGenerator->to()
#2 C:\\Users\\DELL\\Desktop\\Università\\Terzo anno\\Tecnologie web\\Tecnologie-Web-2022\\laraProj5\\vendor\\laravel\\framework\\src\\Illuminate\\Routing\\UrlGenerator.php(434): Illuminate\\Routing\\UrlGenerator->toRoute()
#3 C:\\Users\\DELL\\Desktop\\Università\\Terzo anno\\Tecnologie web\\Tecnologie-Web-2022\\laraProj5\\vendor\\laravelcollective\\html\\src\\FormBuilder.php(1210): Illuminate\\Routing\\UrlGenerator->route()
#4 C:\\Users\\DELL\\Desktop\\Università\\Terzo anno\\Tecnologie web\\Tecnologie-Web-2022\\laraProj5\\vendor\\laravelcollective\\html\\src\\FormBuilder.php(1165): Collective\\Html\\FormBuilder->getRouteAction()
#5 C:\\Users\\DELL\\Desktop\\Università\\Terzo anno\\Tecnologie web\\Tecnologie-Web-2022\\laraProj5\\vendor\\laravelcollective\\html\\src\\FormBuilder.php(144): Collective\\Html\\FormBuilder->getAction()
#6 C:\\Users\\DELL\\Desktop\\Università\\Terzo anno\\Tecnologie web\\Tecnologie-Web-2022\\laraProj5\\vendor\\laravel\\framework\\src\\Illuminate\\Support\\Facades\\Facade.php(261): Collective\\Html\\FormBuilder->open()
#7 C:\\Users\\DELL\\Desktop\\Università\\Terzo anno\\Tecnologie web\\Tecnologie-Web-2022\\laraProj5\\storage\\framework\\views\\a5042d5497285d6dbeec89fc9556521c912f0634.php(33): Illuminate\\Support\\Facades\\Facade::__callStatic()
#8 C:\\Users\\DELL\\Desktop\\Università\\Terzo anno\\Tecnologie web\\Tecnologie-Web-2022\\laraProj5\\vendor\\laravel\\framework\\src\\Illuminate\\View\\Engines\\PhpEngine.php(43): include('C:\\\\Users\\\\DELL\\\\D...')
#9 C:\\Users\\DELL\\Desktop\\Università\\Terzo anno\\Tecnologie web\\Tecnologie-Web-2022\\laraProj5\\vendor\\laravel\\framework\\src\\Illuminate\\View\\Engines\\CompilerEngine.php(59): Illuminate\\View\\Engines\\PhpEngine->evaluatePath()
#10 C:\\Users\\DELL\\Desktop\\Università\\Terzo anno\\Tecnologie web\\Tecnologie-Web-2022\\laraProj5\\vendor\\facade\\ignition\\src\\Views\\Engines\\CompilerEngine.php(36): Illuminate\\View\\Engines\\CompilerEngine->get()
#11 C:\\Users\\DELL\\Desktop\\Università\\Terzo anno\\Tecnologie web\\Tecnologie-Web-2022\\laraProj5\\vendor\\laravel\\framework\\src\\Illuminate\\View\\View.php(143): Facade\\Ignition\\Views\\Engines\\CompilerEngine->get()
#12 C:\\Users\\DELL\\Desktop\\Università\\Terzo anno\\Tecnologie web\\Tecnologie-Web-2022\\laraProj5\\vendor\\laravel\\framework\\src\\Illuminate\\View\\View.php(126): Illuminate\\View\\View->getContents()
#13 C:\\Users\\DELL\\Desktop\\Università\\Terzo anno\\Tecnologie web\\Tecnologie-Web-2022\\laraProj5\\vendor\\laravel\\framework\\src\\Illuminate\\View\\View.php(91): Illuminate\\View\\View->renderContents()
#14 C:\\Users\\DELL\\Desktop\\Università\\Terzo anno\\Tecnologie web\\Tecnologie-Web-2022\\laraProj5\\storage\\framework\\views\\abcf4c59d5ca5b32ac8eb0386cac055557bcc8a0.php(24): Illuminate\\View\\View->render()
#15 C:\\Users\\DELL\\Desktop\\Università\\Terzo anno\\Tecnologie web\\Tecnologie-Web-2022\\laraProj5\\vendor\\laravel\\framework\\src\\Illuminate\\View\\Engines\\PhpEngine.php(43): include('C:\\\\Users\\\\DELL\\\\D...')
#16 C:\\Users\\DELL\\Desktop\\Università\\Terzo anno\\Tecnologie web\\Tecnologie-Web-2022\\laraProj5\\vendor\\laravel\\framework\\src\\Illuminate\\View\\Engines\\CompilerEngine.php(59): Illuminate\\View\\Engines\\PhpEngine->evaluatePath()
#17 C:\\Users\\DELL\\Desktop\\Università\\Terzo anno\\Tecnologie web\\Tecnologie-Web-2022\\laraProj5\\vendor\\facade\\ignition\\src\\Views\\Engines\\CompilerEngine.php(36): Illuminate\\View\\Engines\\CompilerEngine->get()
#18 C:\\Users\\DELL\\Desktop\\Università\\Terzo anno\\Tecnologie web\\Tecnologie-Web-2022\\laraProj5\\vendor\\laravel\\framework\\src\\Illuminate\\View\\View.php(143): Facade\\Ignition\\Views\\Engines\\CompilerEngine->get()
#19 C:\\Users\\DELL\\Desktop\\Università\\Terzo anno\\Tecnologie web\\Tecnologie-Web-2022\\laraProj5\\vendor\\laravel\\framework\\src\\Illuminate\\View\\View.php(126): Illuminate\\View\\View->getContents()
#20 C:\\Users\\DELL\\Desktop\\Università\\Terzo anno\\Tecnologie web\\Tecnologie-Web-2022\\laraProj5\\vendor\\laravel\\framework\\src\\Illuminate\\View\\View.php(91): Illuminate\\View\\View->renderContents()
#21 C:\\Users\\DELL\\Desktop\\Università\\Terzo anno\\Tecnologie web\\Tecnologie-Web-2022\\laraProj5\\vendor\\laravel\\framework\\src\\Illuminate\\Http\\Response.php(42): Illuminate\\View\\View->render()
#22 C:\\Users\\DELL\\Desktop\\Università\\Terzo anno\\Tecnologie web\\Tecnologie-Web-2022\\laraProj5\\vendor\\symfony\\http-foundation\\Response.php(205): Illuminate\\Http\\Response->setContent()
#23 C:\\Users\\DELL\\Desktop\\Università\\Terzo anno\\Tecnologie web\\Tecnologie-Web-2022\\laraProj5\\vendor\\laravel\\framework\\src\\Illuminate\\Routing\\Router.php(749): Symfony\\Component\\HttpFoundation\\Response->__construct()
#24 C:\\Users\\DELL\\Desktop\\Università\\Terzo anno\\Tecnologie web\\Tecnologie-Web-2022\\laraProj5\\vendor\\laravel\\framework\\src\\Illuminate\\Routing\\Router.php(721): Illuminate\\Routing\\Router::toResponse()
#25 C:\\Users\\DELL\\Desktop\\Università\\Terzo anno\\Tecnologie web\\Tecnologie-Web-2022\\laraProj5\\vendor\\laravel\\framework\\src\\Illuminate\\Routing\\Router.php(681): Illuminate\\Routing\\Router->prepareResponse()
#26 C:\\Users\\DELL\\Desktop\\Università\\Terzo anno\\Tecnologie web\\Tecnologie-Web-2022\\laraProj5\\vendor\\laravel\\framework\\src\\Illuminate\\Pipeline\\Pipeline.php(130): Illuminate\\Routing\\Router->Illuminate\\Routing\\{closure}()
#27 C:\\Users\\DELL\\Desktop\\Università\\Terzo anno\\Tecnologie web\\Tecnologie-Web-2022\\laraProj5\\vendor\\laravel\\framework\\src\\Illuminate\\Auth\\Middleware\\Authorize.php(45): Illuminate\\Pipeline\\Pipeline->Illuminate\\Pipeline\\{closure}()
#28 C:\\Users\\DELL\\Desktop\\Università\\Terzo anno\\Tecnologie web\\Tecnologie-Web-2022\\laraProj5\\vendor\\laravel\\framework\\src\\Illuminate\\Pipeline\\Pipeline.php(171): Illuminate\\Auth\\Middleware\\Authorize->handle()
#29 C:\\Users\\DELL\\Desktop\\Università\\Terzo anno\\Tecnologie web\\Tecnologie-Web-2022\\laraProj5\\vendor\\laravel\\framework\\src\\Illuminate\\Routing\\Middleware\\SubstituteBindings.php(41): Illuminate\\Pipeline\\Pipeline->Illuminate\\Pipeline\\{closure}()
#30 C:\\Users\\DELL\\Desktop\\Università\\Terzo anno\\Tecnologie web\\Tecnologie-Web-2022\\laraProj5\\vendor\\laravel\\framework\\src\\Illuminate\\Pipeline\\Pipeline.php(171): Illuminate\\Routing\\Middleware\\SubstituteBindings->handle()
#31 C:\\Users\\DELL\\Desktop\\Università\\Terzo anno\\Tecnologie web\\Tecnologie-Web-2022\\laraProj5\\vendor\\laravel\\framework\\src\\Illuminate\\Foundation\\Http\\Middleware\\VerifyCsrfToken.php(78): Illuminate\\Pipeline\\Pipeline->Illuminate\\Pipeline\\{closure}()
#32 C:\\Users\\DELL\\Desktop\\Università\\Terzo anno\\Tecnologie web\\Tecnologie-Web-2022\\laraProj5\\vendor\\laravel\\framework\\src\\Illuminate\\Pipeline\\Pipeline.php(171): Illuminate\\Foundation\\Http\\Middleware\\VerifyCsrfToken->handle()
#33 C:\\Users\\DELL\\Desktop\\Università\\Terzo anno\\Tecnologie web\\Tecnologie-Web-2022\\laraProj5\\vendor\\laravel\\framework\\src\\Illuminate\\View\\Middleware\\ShareErrorsFromSession.php(49): Illuminate\\Pipeline\\Pipeline->Illuminate\\Pipeline\\{closure}()
#34 C:\\Users\\DELL\\Desktop\\Università\\Terzo anno\\Tecnologie web\\Tecnologie-Web-2022\\laraProj5\\vendor\\laravel\\framework\\src\\Illuminate\\Pipeline\\Pipeline.php(171): Illuminate\\View\\Middleware\\ShareErrorsFromSession->handle()
#35 C:\\Users\\DELL\\Desktop\\Università\\Terzo anno\\Tecnologie web\\Tecnologie-Web-2022\\laraProj5\\vendor\\laravel\\framework\\src\\Illuminate\\Session\\Middleware\\StartSession.php(56): Illuminate\\Pipeline\\Pipeline->Illuminate\\Pipeline\\{closure}()
#36 C:\\Users\\DELL\\Desktop\\Università\\Terzo anno\\Tecnologie web\\Tecnologie-Web-2022\\laraProj5\\vendor\\laravel\\framework\\src\\Illuminate\\Pipeline\\Pipeline.php(171): Illuminate\\Session\\Middleware\\StartSession->handle()
#37 C:\\Users\\DELL\\Desktop\\Università\\Terzo anno\\Tecnologie web\\Tecnologie-Web-2022\\laraProj5\\vendor\\laravel\\framework\\src\\Illuminate\\Cookie\\Middleware\\AddQueuedCookiesToResponse.php(37): Illuminate\\Pipeline\\Pipeline->Illuminate\\Pipeline\\{closure}()
#38 C:\\Users\\DELL\\Desktop\\Università\\Terzo anno\\Tecnologie web\\Tecnologie-Web-2022\\laraProj5\\vendor\\laravel\\framework\\src\\Illuminate\\Pipeline\\Pipeline.php(171): Illuminate\\Cookie\\Middleware\\AddQueuedCookiesToResponse->handle()
#39 C:\\Users\\DELL\\Desktop\\Università\\Terzo anno\\Tecnologie web\\Tecnologie-Web-2022\\laraProj5\\vendor\\laravel\\framework\\src\\Illuminate\\Cookie\\Middleware\\EncryptCookies.php(67): Illuminate\\Pipeline\\Pipeline->Illuminate\\Pipeline\\{closure}()
#40 C:\\Users\\DELL\\Desktop\\Università\\Terzo anno\\Tecnologie web\\Tecnologie-Web-2022\\laraProj5\\vendor\\laravel\\framework\\src\\Illuminate\\Pipeline\\Pipeline.php(171): Illuminate\\Cookie\\Middleware\\EncryptCookies->handle()
#41 C:\\Users\\DELL\\Desktop\\Università\\Terzo anno\\Tecnologie web\\Tecnologie-Web-2022\\laraProj5\\vendor\\laravel\\framework\\src\\Illuminate\\Pipeline\\Pipeline.php(105): Illuminate\\Pipeline\\Pipeline->Illuminate\\Pipeline\\{closure}()
#42 C:\\Users\\DELL\\Desktop\\Università\\Terzo anno\\Tecnologie web\\Tecnologie-Web-2022\\laraProj5\\vendor\\laravel\\framework\\src\\Illuminate\\Routing\\Router.php(683): Illuminate\\Pipeline\\Pipeline->then()
#43 C:\\Users\\DELL\\Desktop\\Università\\Terzo anno\\Tecnologie web\\Tecnologie-Web-2022\\laraProj5\\vendor\\laravel\\framework\\src\\Illuminate\\Routing\\Router.php(658): Illuminate\\Routing\\Router->runRouteWithinStack()
#44 C:\\Users\\DELL\\Desktop\\Università\\Terzo anno\\Tecnologie web\\Tecnologie-Web-2022\\laraProj5\\vendor\\laravel\\framework\\src\\Illuminate\\Routing\\Router.php(624): Illuminate\\Routing\\Router->runRoute()
#45 C:\\Users\\DELL\\Desktop\\Università\\Terzo anno\\Tecnologie web\\Tecnologie-Web-2022\\laraProj5\\vendor\\laravel\\framework\\src\\Illuminate\\Routing\\Router.php(613): Illuminate\\Routing\\Router->dispatchToRoute()
#46 C:\\Users\\DELL\\Desktop\\Università\\Terzo anno\\Tecnologie web\\Tecnologie-Web-2022\\laraProj5\\vendor\\laravel\\framework\\src\\Illuminate\\Foundation\\Http\\Kernel.php(170): Illuminate\\Routing\\Router->dispatch()
#47 C:\\Users\\DELL\\Desktop\\Università\\Terzo anno\\Tecnologie web\\Tecnologie-Web-2022\\laraProj5\\vendor\\laravel\\framework\\src\\Illuminate\\Pipeline\\Pipeline.php(130): Illuminate\\Foundation\\Http\\Kernel->Illuminate\\Foundation\\Http\\{closure}()
#48 C:\\Users\\DELL\\Desktop\\Università\\Terzo anno\\Tecnologie web\\Tecnologie-Web-2022\\laraProj5\\vendor\\laravel\\framework\\src\\Illuminate\\Foundation\\Http\\Middleware\\TransformsRequest.php(21): Illuminate\\Pipeline\\Pipeline->Illuminate\\Pipeline\\{closure}()
#49 C:\\Users\\DELL\\Desktop\\Università\\Terzo anno\\Tecnologie web\\Tecnologie-Web-2022\\laraProj5\\vendor\\laravel\\framework\\src\\Illuminate\\Pipeline\\Pipeline.php(171): Illuminate\\Foundation\\Http\\Middleware\\TransformsRequest->handle()
#50 C:\\Users\\DELL\\Desktop\\Università\\Terzo anno\\Tecnologie web\\Tecnologie-Web-2022\\laraProj5\\vendor\\laravel\\framework\\src\\Illuminate\\Foundation\\Http\\Middleware\\TransformsRequest.php(21): Illuminate\\Pipeline\\Pipeline->Illuminate\\Pipeline\\{closure}()
#51 C:\\Users\\DELL\\Desktop\\Università\\Terzo anno\\Tecnologie web\\Tecnologie-Web-2022\\laraProj5\\vendor\\laravel\\framework\\src\\Illuminate\\Pipeline\\Pipeline.php(171): Illuminate\\Foundation\\Http\\Middleware\\TransformsRequest->handle()
#52 C:\\Users\\DELL\\Desktop\\Università\\Terzo anno\\Tecnologie web\\Tecnologie-Web-2022\\laraProj5\\vendor\\laravel\\framework\\src\\Illuminate\\Foundation\\Http\\Middleware\\ValidatePostSize.php(27): Illuminate\\Pipeline\\Pipeline->Illuminate\\Pipeline\\{closure}()
#53 C:\\Users\\DELL\\Desktop\\Università\\Terzo anno\\Tecnologie web\\Tecnologie-Web-2022\\laraProj5\\vendor\\laravel\\framework\\src\\Illuminate\\Pipeline\\Pipeline.php(171): Illuminate\\Foundation\\Http\\Middleware\\ValidatePostSize->handle()
#54 C:\\Users\\DELL\\Desktop\\Università\\Terzo anno\\Tecnologie web\\Tecnologie-Web-2022\\laraProj5\\vendor\\laravel\\framework\\src\\Illuminate\\Foundation\\Http\\Middleware\\CheckForMaintenanceMode.php(63): Illuminate\\Pipeline\\Pipeline->Illuminate\\Pipeline\\{closure}()
#55 C:\\Users\\DELL\\Desktop\\Università\\Terzo anno\\Tecnologie web\\Tecnologie-Web-2022\\laraProj5\\vendor\\laravel\\framework\\src\\Illuminate\\Pipeline\\Pipeline.php(171): Illuminate\\Foundation\\Http\\Middleware\\CheckForMaintenanceMode->handle()
#56 C:\\Users\\DELL\\Desktop\\Università\\Terzo anno\\Tecnologie web\\Tecnologie-Web-2022\\laraProj5\\vendor\\fideloper\\proxy\\src\\TrustProxies.php(57): Illuminate\\Pipeline\\Pipeline->Illuminate\\Pipeline\\{closure}()
#57 C:\\Users\\DELL\\Desktop\\Università\\Terzo anno\\Tecnologie web\\Tecnologie-Web-2022\\laraProj5\\vendor\\laravel\\framework\\src\\Illuminate\\Pipeline\\Pipeline.php(171): Fideloper\\Proxy\\TrustProxies->handle()
#58 C:\\Users\\DELL\\Desktop\\Università\\Terzo anno\\Tecnologie web\\Tecnologie-Web-2022\\laraProj5\\vendor\\laravel\\framework\\src\\Illuminate\\Pipeline\\Pipeline.php(105): Illuminate\\Pipeline\\Pipeline->Illuminate\\Pipeline\\{closure}()
#59 C:\\Users\\DELL\\Desktop\\Università\\Terzo anno\\Tecnologie web\\Tecnologie-Web-2022\\laraProj5\\vendor\\laravel\\framework\\src\\Illuminate\\Foundation\\Http\\Kernel.php(145): Illuminate\\Pipeline\\Pipeline->then()
#60 C:\\Users\\DELL\\Desktop\\Università\\Terzo anno\\Tecnologie web\\Tecnologie-Web-2022\\laraProj5\\vendor\\laravel\\framework\\src\\Illuminate\\Foundation\\Http\\Kernel.php(110): Illuminate\\Foundation\\Http\\Kernel->sendRequestThroughRouter()
#61 C:\\Users\\DELL\\Desktop\\Università\\Terzo anno\\Tecnologie web\\Tecnologie-Web-2022\\laraProj5\\public\\index.php(55): Illuminate\\Foundation\\Http\\Kernel->handle()
#62 C:\\Users\\DELL\\Desktop\\Università\\Terzo anno\\Tecnologie web\\Tecnologie-Web-2022\\laraProj5\\server.php(21): require_once('C:\\\\Users\\\\DELL\\\\D...')
#63 {main}
"} 
