[2022-06-04 17:18:05] local.ERROR: Undefined property: stdClass::$stato (View: C:\Users\DELL\Desktop\Università\Terzo anno\Tecnologie web\Tecnologie-Web-2022\laraProj5\resources\views\helpers\carta-alloggio-catalogo.blade.php) {"userId":1,"exception":"[object] (Facade\\Ignition\\Exceptions\\ViewException(code: 0): Undefined property: stdClass::$stato (View: C:\\Users\\DELL\\Desktop\\Università\\Terzo anno\\Tecnologie web\\Tecnologie-Web-2022\\laraProj5\esources\\views\\helpers\\carta-alloggio-catalogo.blade.php) at C:\\Users\\DELL\\Desktop\\Università\\Terzo anno\\Tecnologie web\\Tecnologie-Web-2022\\laraProj5\esources\\views/helpers/carta-alloggio-catalogo.blade.php:23)
[stacktrace]
#0 C:\\Users\\DELL\\Desktop\\Università\\Terzo anno\\Tecnologie web\\Tecnologie-Web-2022\\laraProj5\esources\\views/helpers/carta-alloggio-catalogo.blade.php(23): Illuminate\\Foundation\\Bootstrap\\HandleExceptions->handleError()
#1 C:\\Users\\DELL\\Desktop\\Università\\Terzo anno\\Tecnologie web\\Tecnologie-Web-2022\\laraProj5\\vendor\\laravel\\framework\\src\\Illuminate\\View\\Engines\\PhpEngine.php(43): include('C:\\\\Users\\\\DELL\\\\D...')
#2 C:\\Users\\DELL\\Desktop\\Università\\Terzo anno\\Tecnologie web\\Tecnologie-Web-2022\\laraProj5\\vendor\\laravel\\framework\\src\\Illuminate\\View\\Engines\\CompilerEngine.php(59): Illuminate\\View\\Engines\\PhpEngine->evaluatePath()
#3 C:\\Users\\DELL\\Desktop\\Università\\Terzo anno\\Tecnologie web\\Tecnologie-Web-2022\\laraProj5\\vendor\\facade\\ignition\\src\\Views\\Engines\\CompilerEngine.php(36): Illuminate\\View\\Engines\\CompilerEngine->get()
#4 C:\\Users\\DELL\\Desktop\\Università\\Terzo anno\\Tecnologie web\\Tecnologie-Web-2022\\laraProj5\\vendor\\laravel\\framework\\src\\Illuminate\\View\\View.php(143): Facade\\Ignition\\Views\\Engines\\CompilerEngine->get()
#5 C:\\Users\\DELL\\Desktop\\Università\\Terzo anno\\Tecnologie web\\Tecnologie-Web-2022\\laraProj5\\vendor\\laravel\\framework\\src\\Illuminate\\View\\View.php(126): Illuminate\\View\\View->getContents()
#6 C:\\Users\\DELL\\Desktop\\Università\\Terzo anno\\Tecnologie web\\Tecnologie-Web-2022\\laraProj5\\vendor\\laravel\\framework\\src\\Illuminate\\View\\View.php(91): Illuminate\\View\\View->renderContents()
#7 C:\\Users\\DELL\\Desktop\\Università\\Terzo anno\\Tecnologie web\\Tecnologie-Web-2022\\laraProj5\esources\\views/helpers/alloggio.blade.php(13): Illuminate\\View\\View->render()
#8 C:\\Users\\DELL\\Desktop\\Università\\Terzo anno\\Tecnologie web\\Tecnologie-Web-2022\\laraProj5\\vendor\\laravel\\framework\\src\\Illuminate\\View\\Engines\\PhpEngine.php(43): include('C:\\\\Users\\\\DELL\\\\D...')
#9 C:\\Users\\DELL\\Desktop\\Università\\Terzo anno\\Tecnologie web\\Tecnologie-Web-2022\\laraProj5\\vendor\\laravel\\framework\\src\\Illuminate\\View\\Engines\\CompilerEngine.php(59): Illuminate\\View\\Engines\\PhpEngine->evaluatePath()
#10 C:\\Users\\DELL\\Desktop\\Università\\Terzo anno\\Tecnologie web\\Tecnologie-Web-2022\\laraProj5\\vendor\\facade\\ignition\\src\\Views\\Engines\\CompilerEngine.php(36): Illuminate\\View\\Engines\\CompilerEngine->get()
#11 C:\\Users\\DELL\\Desktop\\Università\\Terzo anno\\Tecnologie web\\Tecnologie-Web-2022\\laraProj5\\vendor\\laravel\\framework\\src\\Illuminate\\View\\View.php(143): Facade\\Ignition\\Views\\Engines\\CompilerEngine->get()
#12 C:\\Users\\DELL\\Desktop\\Università\\Terzo anno\\Tecnologie web\\Tecnologie-Web-2022\\laraProj5\\vendor\\laravel\\framework\\src\\Illuminate\\View\\View.php(126): Illuminate\\View\\View->getContents()
#13 C:\\Users\\DELL\\Desktop\\Università\\Terzo anno\\Tecnologie web\\Tecnologie-Web-2022\\laraProj5\\vendor\\laravel\\framework\\src\\Illuminate\\View\\View.php(91): Illuminate\\View\\View->renderContents()
#14 C:\\Users\\DELL\\Desktop\\Università\\Terzo anno\\Tecnologie web\\Tecnologie-Web-2022\\laraProj5\esources\\views/alloggio/content-gestione-alloggi-locatore.blade.php(14): Illuminate\\View\\View->render()
#15 C:\\Users\\DELL\\Desktop\\Università\\Terzo anno\\Tecnologie web\\Tecnologie-Web-2022\\laraProj5\\vendor\\laravel\\framework\\src\\Illuminate\\View\\Engines\\PhpEngine.php(43): include('C:\\\\Users\\\\DELL\\\\D...')
#16 C:\\Users\\DELL\\Desktop\\Università\\Terzo anno\\Tecnologie web\\Tecnologie-Web-2022\\laraProj5\\vendor\\laravel\\framework\\src\\Illuminate\\View\\Engines\\CompilerEngine.php(59): Illuminate\\View\\Engines\\PhpEngine->evaluatePath()
#17 C:\\Users\\DELL\\Desktop\\Università\\Terzo anno\\Tecnologie web\\Tecnologie-Web-2022\\laraProj5\\vendor\\facade\\ignition\\src\\Views\\Engines\\CompilerEngine.php(36): Illuminate\\View\\Engines\\CompilerEngine->get()
#18 C:\\Users\\DELL\\Desktop\\Università\\Terzo anno\\Tecnologie web\\Tecnologie-Web-2022\\laraProj5\\vendor\\laravel\\framework\\src\\Illuminate\\View\\View.php(143): Facade\\Ignition\\Views\\Engines\\CompilerEngine->get()
#19 C:\\Users\\DELL\\Desktop\\Università\\Terzo anno\\Tecnologie web\\Tecnologie-Web-2022\\laraProj5\\vendor\\laravel\\framework\\src\\Illuminate\\View\\View.php(126): Illuminate\\View\\View->getContents()
#20 C:\\Users\\DELL\\Desktop\\Università\\Terzo anno\\Tecnologie web\\Tecnologie-Web-2022\\laraProj5\\vendor\\laravel\\framework\\src\\Illuminate\\View\\View.php(91): Illuminate\\View\\View->renderContents()
#21 C:\\Users\\DELL\\Desktop\\Università\\Terzo anno\\Tecnologie web\\Tecnologie-Web-2022\\laraProj5\\vendor\\laravel\\framework\\src\\Illuminate\\Http\\Response.php(42): Illuminate\\View\\View->render()
#22 C:\\Users\\DELL\\Desktop\\Università\\Terzo anno\\Tecnologie web\\Tecnologie-Web-2022\\laraProj5\\vendor\\symfony\\http-foundation\\Response.php(205): Illuminate\\Http\\Response->setContent()
#23 C:\\Users\\DELL\\Desktop\\Università\\Terzo anno\\Tecnologie web\\Tecnologie-Web-2022\\laraProj5\\vendor\\laravel\\framework\\src\\Illuminate\\Routing\\Router.php(749): Symfony\\Component\\HttpFoundation\\Response->__construct()
#24 C:\\Users\\DELL\\Desktop\\Università\\Terzo anno\\Tecnologie web\\Tecnologie-Web-2022\\laraProj5\\vendor\\laravel\\framework\\src\\Illuminate\\Routing\\Router.php(721): Illuminate\\Routing\\Router::toResponse()
#25 C:\\Users\\DELL\\Desktop\\Università\\Terzo anno\\Tecnologie web\\Tecnologie-Web-2022\\laraProj5\\vendor\\laravel\\framework\\src\\Illuminate\\Routing\\Router.php(681): Illuminate\\Routing\\Router->prepareResponse()
#26 C:\\Users\\DELL\\Desktop\\Università\\Terzo anno\\Tecnologie web\\Tecnologie-Web-2022\\laraProj5\\vendor\\laravel\\framework\\src\\Illuminate\\Pipeline\\Pipeline.php(130): Illuminate\\Routing\\Router->Illuminate\\Routing\\{closure}()
#27 C:\\Users\\DELL\\Desktop\\Università\\Terzo anno\\Tecnologie web\\Tecnologie-Web-2022\\laraProj5\\vendor\\laravel\\framework\\src\\Illuminate\\Auth\\Middleware\\Authorize.php(45): Illuminate\\Pipeline\\Pipeline->Illuminate\\Pipeline\\{closure}()
#28 C:\\Users\\DELL\\Desktop\\Università\\Terzo anno\\Tecnologie web\\Tecnologie-Web-2022\\laraProj5\\vendor\\laravel\\framework\\src\\Illuminate\\Pipeline\\Pipeline.php(171): Illuminate\\Auth\\Middleware\\Authorize->handle()
#29 C:\\Users\\DELL\\Desktop\\Università\\Terzo anno\\Tecnologie web\\Tecnologie-Web-2022\\laraProj5\\vendor\\laravel\\framework\\src\\Illuminate\\Routing\\Middleware\\SubstituteBindings.php(41): Illuminate\\Pipeline\\Pipeline->Illuminate\\Pipeline\\{closure}()
#30 C:\\Users\\DELL\\Desktop\\Università\\Terzo anno\\Tecnologie web\\Tecnologie-Web-2022\\laraProj5\\vendor\\laravel\\framework\\src\\Illuminate\\Pipeline\\Pipeline.php(171): Illuminate\\Routing\\Middleware\\SubstituteBindings->handle()
#31 C:\\Users\\DELL\\Desktop\\Università\\Terzo anno\\Tecnologie web\\Tecnologie-Web-2022\\laraProj5\\vendor\\laravel\\framework\\src\\Illuminate\\Foundation\\Http\\Middleware\\VerifyCsrfToken.php(78): Illuminate\\Pipeline\\Pipeline->Illuminate\\Pipeline\\{closure}()
#32 C:\\Users\\DELL\\Desktop\\Università\\Terzo anno\\Tecnologie web\\Tecnologie-Web-2022\\laraProj5\\vendor\\laravel\\framework\\src\\Illuminate\\Pipeline\\Pipeline.php(171): Illuminate\\Foundation\\Http\\Middleware\\VerifyCsrfToken->handle()
#33 C:\\Users\\DELL\\Desktop\\Università\\Terzo anno\\Tecnologie web\\Tecnologie-Web-2022\\laraProj5\\vendor\\laravel\\framework\\src\\Illuminate\\View\\Middleware\\ShareErrorsFromSession.php(49): Illuminate\\Pipeline\\Pipeline->Illuminate\\Pipeline\\{closure}()
#34 C:\\Users\\DELL\\Desktop\\Università\\Terzo anno\\Tecnologie web\\Tecnologie-Web-2022\\laraProj5\\vendor\\laravel\\framework\\src\\Illuminate\\Pipeline\\Pipeline.php(171): Illuminate\\View\\Middleware\\ShareErrorsFromSession->handle()
#35 C:\\Users\\DELL\\Desktop\\Università\\Terzo anno\\Tecnologie web\\Tecnologie-Web-2022\\laraProj5\\vendor\\laravel\\framework\\src\\Illuminate\\Session\\Middleware\\StartSession.php(56): Illuminate\\Pipeline\\Pipeline->Illuminate\\Pipeline\\{closure}()
#36 C:\\Users\\DELL\\Desktop\\Università\\Terzo anno\\Tecnologie web\\Tecnologie-Web-2022\\laraProj5\\vendor\\laravel\\framework\\src\\Illuminate\\Pipeline\\Pipeline.php(171): Illuminate\\Session\\Middleware\\StartSession->handle()
#37 C:\\Users\\DELL\\Desktop\\Università\\Terzo anno\\Tecnologie web\\Tecnologie-Web-2022\\laraProj5\\vendor\\laravel\\framework\\src\\Illuminate\\Cookie\\Middleware\\AddQueuedCookiesToResponse.php(37): Illuminate\\Pipeline\\Pipeline->Illuminate\\Pipeline\\{closure}()
#38 C:\\Users\\DELL\\Desktop\\Università\\Terzo anno\\Tecnologie web\\Tecnologie-Web-2022\\laraProj5\\vendor\\laravel\\framework\\src\\Illuminate\\Pipeline\\Pipeline.php(171): Illuminate\\Cookie\\Middleware\\AddQueuedCookiesToResponse->handle()
#39 C:\\Users\\DELL\\Desktop\\Università\\Terzo anno\\Tecnologie web\\Tecnologie-Web-2022\\laraProj5\\vendor\\laravel\\framework\\src\\Illuminate\\Cookie\\Middleware\\EncryptCookies.php(67): Illuminate\\Pipeline\\Pipeline->Illuminate\\Pipeline\\{closure}()
#40 C:\\Users\\DELL\\Desktop\\Università\\Terzo anno\\Tecnologie web\\Tecnologie-Web-2022\\laraProj5\\vendor\\laravel\\framework\\src\\Illuminate\\Pipeline\\Pipeline.php(171): Illuminate\\Cookie\\Middleware\\EncryptCookies->handle()
#41 C:\\Users\\DELL\\Desktop\\Università\\Terzo anno\\Tecnologie web\\Tecnologie-Web-2022\\laraProj5\\vendor\\laravel\\framework\\src\\Illuminate\\Pipeline\\Pipeline.php(105): Illuminate\\Pipeline\\Pipeline->Illuminate\\Pipeline\\{closure}()
#42 C:\\Users\\DELL\\Desktop\\Università\\Terzo anno\\Tecnologie web\\Tecnologie-Web-2022\\laraProj5\\vendor\\laravel\\framework\\src\\Illuminate\\Routing\\Router.php(683): Illuminate\\Pipeline\\Pipeline->then()
#43 C:\\Users\\DELL\\Desktop\\Università\\Terzo anno\\Tecnologie web\\Tecnologie-Web-2022\\laraProj5\\vendor\\laravel\\framework\\src\\Illuminate\\Routing\\Router.php(658): Illuminate\\Routing\\Router->runRouteWithinStack()
#44 C:\\Users\\DELL\\Desktop\\Università\\Terzo anno\\Tecnologie web\\Tecnologie-Web-2022\\laraProj5\\vendor\\laravel\\framework\\src\\Illuminate\\Routing\\Router.php(624): Illuminate\\Routing\\Router->runRoute()
#45 C:\\Users\\DELL\\Desktop\\Università\\Terzo anno\\Tecnologie web\\Tecnologie-Web-2022\\laraProj5\\vendor\\laravel\\framework\\src\\Illuminate\\Routing\\Router.php(613): Illuminate\\Routing\\Router->dispatchToRoute()
#46 C:\\Users\\DELL\\Desktop\\Università\\Terzo anno\\Tecnologie web\\Tecnologie-Web-2022\\laraProj5\\vendor\\laravel\\framework\\src\\Illuminate\\Foundation\\Http\\Kernel.php(170): Illuminate\\Routing\\Router->dispatch()
#47 C:\\Users\\DELL\\Desktop\\Università\\Terzo anno\\Tecnologie web\\Tecnologie-Web-2022\\laraProj5\\vendor\\laravel\\framework\\src\\Illuminate\\Pipeline\\Pipeline.php(130): Illuminate\\Foundation\\Http\\Kernel->Illuminate\\Foundation\\Http\\{closure}()
#48 C:\\Users\\DELL\\Desktop\\Università\\Terzo anno\\Tecnologie web\\Tecnologie-Web-2022\\laraProj5\\vendor\\laravel\\framework\\src\\Illuminate\\Foundation\\Http\\Middleware\\TransformsRequest.php(21): Illuminate\\Pipeline\\Pipeline->Illuminate\\Pipeline\\{closure}()
#49 C:\\Users\\DELL\\Desktop\\Università\\Terzo anno\\Tecnologie web\\Tecnologie-Web-2022\\laraProj5\\vendor\\laravel\\framework\\src\\Illuminate\\Pipeline\\Pipeline.php(171): Illuminate\\Foundation\\Http\\Middleware\\TransformsRequest->handle()
#50 C:\\Users\\DELL\\Desktop\\Università\\Terzo anno\\Tecnologie web\\Tecnologie-Web-2022\\laraProj5\\vendor\\laravel\\framework\\src\\Illuminate\\Foundation\\Http\\Middleware\\TransformsRequest.php(21): Illuminate\\Pipeline\\Pipeline->Illuminate\\Pipeline\\{closure}()
#51 C:\\Users\\DELL\\Desktop\\Università\\Terzo anno\\Tecnologie web\\Tecnologie-Web-2022\\laraProj5\\vendor\\laravel\\framework\\src\\Illuminate\\Pipeline\\Pipeline.php(171): Illuminate\\Foundation\\Http\\Middleware\\TransformsRequest->handle()
#52 C:\\Users\\DELL\\Desktop\\Università\\Terzo anno\\Tecnologie web\\Tecnologie-Web-2022\\laraProj5\\vendor\\laravel\\framework\\src\\Illuminate\\Foundation\\Http\\Middleware\\ValidatePostSize.php(27): Illuminate\\Pipeline\\Pipeline->Illuminate\\Pipeline\\{closure}()
#53 C:\\Users\\DELL\\Desktop\\Università\\Terzo anno\\Tecnologie web\\Tecnologie-Web-2022\\laraProj5\\vendor\\laravel\\framework\\src\\Illuminate\\Pipeline\\Pipeline.php(171): Illuminate\\Foundation\\Http\\Middleware\\ValidatePostSize->handle()
#54 C:\\Users\\DELL\\Desktop\\Università\\Terzo anno\\Tecnologie web\\Tecnologie-Web-2022\\laraProj5\\vendor\\laravel\\framework\\src\\Illuminate\\Foundation\\Http\\Middleware\\CheckForMaintenanceMode.php(63): Illuminate\\Pipeline\\Pipeline->Illuminate\\Pipeline\\{closure}()
#55 C:\\Users\\DELL\\Desktop\\Università\\Terzo anno\\Tecnologie web\\Tecnologie-Web-2022\\laraProj5\\vendor\\laravel\\framework\\src\\Illuminate\\Pipeline\\Pipeline.php(171): Illuminate\\Foundation\\Http\\Middleware\\CheckForMaintenanceMode->handle()
#56 C:\\Users\\DELL\\Desktop\\Università\\Terzo anno\\Tecnologie web\\Tecnologie-Web-2022\\laraProj5\\vendor\\fideloper\\proxy\\src\\TrustProxies.php(57): Illuminate\\Pipeline\\Pipeline->Illuminate\\Pipeline\\{closure}()
#57 C:\\Users\\DELL\\Desktop\\Università\\Terzo anno\\Tecnologie web\\Tecnologie-Web-2022\\laraProj5\\vendor\\laravel\\framework\\src\\Illuminate\\Pipeline\\Pipeline.php(171): Fideloper\\Proxy\\TrustProxies->handle()
#58 C:\\Users\\DELL\\Desktop\\Università\\Terzo anno\\Tecnologie web\\Tecnologie-Web-2022\\laraProj5\\vendor\\laravel\\framework\\src\\Illuminate\\Pipeline\\Pipeline.php(105): Illuminate\\Pipeline\\Pipeline->Illuminate\\Pipeline\\{closure}()
#59 C:\\Users\\DELL\\Desktop\\Università\\Terzo anno\\Tecnologie web\\Tecnologie-Web-2022\\laraProj5\\vendor\\laravel\\framework\\src\\Illuminate\\Foundation\\Http\\Kernel.php(145): Illuminate\\Pipeline\\Pipeline->then()
#60 C:\\Users\\DELL\\Desktop\\Università\\Terzo anno\\Tecnologie web\\Tecnologie-Web-2022\\laraProj5\\vendor\\laravel\\framework\\src\\Illuminate\\Foundation\\Http\\Kernel.php(110): Illuminate\\Foundation\\Http\\Kernel->sendRequestThroughRouter()
#61 C:\\Users\\DELL\\Desktop\\Università\\Terzo anno\\Tecnologie web\\Tecnologie-Web-2022\\laraProj5\\public\\index.php(55): Illuminate\\Foundation\\Http\\Kernel->handle()
#62 C:\\Users\\DELL\\Desktop\\Università\\Terzo anno\\Tecnologie web\\Tecnologie-Web-2022\\laraProj5\\server.php(21): require_once('C:\\\\Users\\\\DELL\\\\D...')
#63 {main}

[previous exception] [object] (ErrorException(code: 0): Undefined property: stdClass::$stato at C:\\Users\\DELL\\Desktop\\Università\\Terzo anno\\Tecnologie web\\Tecnologie-Web-2022\\laraProj5\\storage\\framework\\views\\7e8418cc41844ce9a0b75eebbedfb24cdb0a7554.php:24)
[stacktrace]
#0 C:\\Users\\DELL\\Desktop\\Università\\Terzo anno\\Tecnologie web\\Tecnologie-Web-2022\\laraProj5\\storage\\framework\\views\\7e8418cc41844ce9a0b75eebbedfb24cdb0a7554.php(24): Illuminate\\Foundation\\Bootstrap\\HandleExceptions->handleError()
#1 C:\\Users\\DELL\\Desktop\\Università\\Terzo anno\\Tecnologie web\\Tecnologie-Web-2022\\laraProj5\\vendor\\laravel\\framework\\src\\Illuminate\\View\\Engines\\PhpEngine.php(43): include('C:\\\\Users\\\\DELL\\\\D...')
#2 C:\\Users\\DELL\\Desktop\\Università\\Terzo anno\\Tecnologie web\\Tecnologie-Web-2022\\laraProj5\\vendor\\laravel\\framework\\src\\Illuminate\\View\\Engines\\CompilerEngine.php(59): Illuminate\\View\\Engines\\PhpEngine->evaluatePath()
#3 C:\\Users\\DELL\\Desktop\\Università\\Terzo anno\\Tecnologie web\\Tecnologie-Web-2022\\laraProj5\\vendor\\facade\\ignition\\src\\Views\\Engines\\CompilerEngine.php(36): Illuminate\\View\\Engines\\CompilerEngine->get()
#4 C:\\Users\\DELL\\Desktop\\Università\\Terzo anno\\Tecnologie web\\Tecnologie-Web-2022\\laraProj5\\vendor\\laravel\\framework\\src\\Illuminate\\View\\View.php(143): Facade\\Ignition\\Views\\Engines\\CompilerEngine->get()
#5 C:\\Users\\DELL\\Desktop\\Università\\Terzo anno\\Tecnologie web\\Tecnologie-Web-2022\\laraProj5\\vendor\\laravel\\framework\\src\\Illuminate\\View\\View.php(126): Illuminate\\View\\View->getContents()
#6 C:\\Users\\DELL\\Desktop\\Università\\Terzo anno\\Tecnologie web\\Tecnologie-Web-2022\\laraProj5\\vendor\\laravel\\framework\\src\\Illuminate\\View\\View.php(91): Illuminate\\View\\View->renderContents()
#7 C:\\Users\\DELL\\Desktop\\Università\\Terzo anno\\Tecnologie web\\Tecnologie-Web-2022\\laraProj5\\storage\\framework\\views\\093db972b4998971884cfd95d2d6c2800acd684c.php(13): Illuminate\\View\\View->render()
#8 C:\\Users\\DELL\\Desktop\\Università\\Terzo anno\\Tecnologie web\\Tecnologie-Web-2022\\laraProj5\\vendor\\laravel\\framework\\src\\Illuminate\\View\\Engines\\PhpEngine.php(43): include('C:\\\\Users\\\\DELL\\\\D...')
#9 C:\\Users\\DELL\\Desktop\\Università\\Terzo anno\\Tecnologie web\\Tecnologie-Web-2022\\laraProj5\\vendor\\laravel\\framework\\src\\Illuminate\\View\\Engines\\CompilerEngine.php(59): Illuminate\\View\\Engines\\PhpEngine->evaluatePath()
#10 C:\\Users\\DELL\\Desktop\\Università\\Terzo anno\\Tecnologie web\\Tecnologie-Web-2022\\laraProj5\\vendor\\facade\\ignition\\src\\Views\\Engines\\CompilerEngine.php(36): Illuminate\\View\\Engines\\CompilerEngine->get()
#11 C:\\Users\\DELL\\Desktop\\Università\\Terzo anno\\Tecnologie web\\Tecnologie-Web-2022\\laraProj5\\vendor\\laravel\\framework\\src\\Illuminate\\View\\View.php(143): Facade\\Ignition\\Views\\Engines\\CompilerEngine->get()
#12 C:\\Users\\DELL\\Desktop\\Università\\Terzo anno\\Tecnologie web\\Tecnologie-Web-2022\\laraProj5\\vendor\\laravel\\framework\\src\\Illuminate\\View\\View.php(126): Illuminate\\View\\View->getContents()
#13 C:\\Users\\DELL\\Desktop\\Università\\Terzo anno\\Tecnologie web\\Tecnologie-Web-2022\\laraProj5\\vendor\\laravel\\framework\\src\\Illuminate\\View\\View.php(91): Illuminate\\View\\View->renderContents()
#14 C:\\Users\\DELL\\Desktop\\Università\\Terzo anno\\Tecnologie web\\Tecnologie-Web-2022\\laraProj5\\storage\\framework\\views\\4d0c6f289ed6d032261aa920b3921dfe4681fe48.php(14): Illuminate\\View\\View->render()
#15 C:\\Users\\DELL\\Desktop\\Università\\Terzo anno\\Tecnologie web\\Tecnologie-Web-2022\\laraProj5\\vendor\\laravel\\framework\\src\\Illuminate\\View\\Engines\\PhpEngine.php(43): include('C:\\\\Users\\\\DELL\\\\D...')
#16 C:\\Users\\DELL\\Desktop\\Università\\Terzo anno\\Tecnologie web\\Tecnologie-Web-2022\\laraProj5\\vendor\\laravel\\framework\\src\\Illuminate\\View\\Engines\\CompilerEngine.php(59): Illuminate\\View\\Engines\\PhpEngine->evaluatePath()
#17 C:\\Users\\DELL\\Desktop\\Università\\Terzo anno\\Tecnologie web\\Tecnologie-Web-2022\\laraProj5\\vendor\\facade\\ignition\\src\\Views\\Engines\\CompilerEngine.php(36): Illuminate\\View\\Engines\\CompilerEngine->get()
#18 C:\\Users\\DELL\\Desktop\\Università\\Terzo anno\\Tecnologie web\\Tecnologie-Web-2022\\laraProj5\\vendor\\laravel\\framework\\src\\Illuminate\\View\\View.php(143): Facade\\Ignition\\Views\\Engines\\CompilerEngine->get()
#19 C:\\Users\\DELL\\Desktop\\Università\\Terzo anno\\Tecnologie web\\Tecnologie-Web-2022\\laraProj5\\vendor\\laravel\\framework\\src\\Illuminate\\View\\View.php(126): Illuminate\\View\\View->getContents()
#20 C:\\Users\\DELL\\Desktop\\Università\\Terzo anno\\Tecnologie web\\Tecnologie-Web-2022\\laraProj5\\vendor\\laravel\\framework\\src\\Illuminate\\View\\View.php(91): Illuminate\\View\\View->renderContents()
#21 C:\\Users\\DELL\\Desktop\\Università\\Terzo anno\\Tecnologie web\\Tecnologie-Web-2022\\laraProj5\\vendor\\laravel\\framework\\src\\Illuminate\\Http\\Response.php(42): Illuminate\\View\\View->render()
#22 C:\\Users\\DELL\\Desktop\\Università\\Terzo anno\\Tecnologie web\\Tecnologie-Web-2022\\laraProj5\\vendor\\symfony\\http-foundation\\Response.php(205): Illuminate\\Http\\Response->setContent()
#23 C:\\Users\\DELL\\Desktop\\Università\\Terzo anno\\Tecnologie web\\Tecnologie-Web-2022\\laraProj5\\vendor\\laravel\\framework\\src\\Illuminate\\Routing\\Router.php(749): Symfony\\Component\\HttpFoundation\\Response->__construct()
#24 C:\\Users\\DELL\\Desktop\\Università\\Terzo anno\\Tecnologie web\\Tecnologie-Web-2022\\laraProj5\\vendor\\laravel\\framework\\src\\Illuminate\\Routing\\Router.php(721): Illuminate\\Routing\\Router::toResponse()
#25 C:\\Users\\DELL\\Desktop\\Università\\Terzo anno\\Tecnologie web\\Tecnologie-Web-2022\\laraProj5\\vendor\\laravel\\framework\\src\\Illuminate\\Routing\\Router.php(681): Illuminate\\Routing\\Router->prepareResponse()
#26 C:\\Users\\DELL\\Desktop\\Università\\Terzo anno\\Tecnologie web\\Tecnologie-Web-2022\\laraProj5\\vendor\\laravel\\framework\\src\\Illuminate\\Pipeline\\Pipeline.php(130): Illuminate\\Routing\\Router->Illuminate\\Routing\\{closure}()
#27 C:\\Users\\DELL\\Desktop\\Università\\Terzo anno\\Tecnologie web\\Tecnologie-Web-2022\\laraProj5\\vendor\\laravel\\framework\\src\\Illuminate\\Auth\\Middleware\\Authorize.php(45): Illuminate\\Pipeline\\Pipeline->Illuminate\\Pipeline\\{closure}()
#28 C:\\Users\\DELL\\Desktop\\Università\\Terzo anno\\Tecnologie web\\Tecnologie-Web-2022\\laraProj5\\vendor\\laravel\\framework\\src\\Illuminate\\Pipeline\\Pipeline.php(171): Illuminate\\Auth\\Middleware\\Authorize->handle()
#29 C:\\Users\\DELL\\Desktop\\Università\\Terzo anno\\Tecnologie web\\Tecnologie-Web-2022\\laraProj5\\vendor\\laravel\\framework\\src\\Illuminate\\Routing\\Middleware\\SubstituteBindings.php(41): Illuminate\\Pipeline\\Pipeline->Illuminate\\Pipeline\\{closure}()
#30 C:\\Users\\DELL\\Desktop\\Università\\Terzo anno\\Tecnologie web\\Tecnologie-Web-2022\\laraProj5\\vendor\\laravel\\framework\\src\\Illuminate\\Pipeline\\Pipeline.php(171): Illuminate\\Routing\\Middleware\\SubstituteBindings->handle()
#31 C:\\Users\\DELL\\Desktop\\Università\\Terzo anno\\Tecnologie web\\Tecnologie-Web-2022\\laraProj5\\vendor\\laravel\\framework\\src\\Illuminate\\Foundation\\Http\\Middleware\\VerifyCsrfToken.php(78): Illuminate\\Pipeline\\Pipeline->Illuminate\\Pipeline\\{closure}()
#32 C:\\Users\\DELL\\Desktop\\Università\\Terzo anno\\Tecnologie web\\Tecnologie-Web-2022\\laraProj5\\vendor\\laravel\\framework\\src\\Illuminate\\Pipeline\\Pipeline.php(171): Illuminate\\Foundation\\Http\\Middleware\\VerifyCsrfToken->handle()
#33 C:\\Users\\DELL\\Desktop\\Università\\Terzo anno\\Tecnologie web\\Tecnologie-Web-2022\\laraProj5\\vendor\\laravel\\framework\\src\\Illuminate\\View\\Middleware\\ShareErrorsFromSession.php(49): Illuminate\\Pipeline\\Pipeline->Illuminate\\Pipeline\\{closure}()
#34 C:\\Users\\DELL\\Desktop\\Università\\Terzo anno\\Tecnologie web\\Tecnologie-Web-2022\\laraProj5\\vendor\\laravel\\framework\\src\\Illuminate\\Pipeline\\Pipeline.php(171): Illuminate\\View\\Middleware\\ShareErrorsFromSession->handle()
#35 C:\\Users\\DELL\\Desktop\\Università\\Terzo anno\\Tecnologie web\\Tecnologie-Web-2022\\laraProj5\\vendor\\laravel\\framework\\src\\Illuminate\\Session\\Middleware\\StartSession.php(56): Illuminate\\Pipeline\\Pipeline->Illuminate\\Pipeline\\{closure}()
#36 C:\\Users\\DELL\\Desktop\\Università\\Terzo anno\\Tecnologie web\\Tecnologie-Web-2022\\laraProj5\\vendor\\laravel\\framework\\src\\Illuminate\\Pipeline\\Pipeline.php(171): Illuminate\\Session\\Middleware\\StartSession->handle()
#37 C:\\Users\\DELL\\Desktop\\Università\\Terzo anno\\Tecnologie web\\Tecnologie-Web-2022\\laraProj5\\vendor\\laravel\\framework\\src\\Illuminate\\Cookie\\Middleware\\AddQueuedCookiesToResponse.php(37): Illuminate\\Pipeline\\Pipeline->Illuminate\\Pipeline\\{closure}()
#38 C:\\Users\\DELL\\Desktop\\Università\\Terzo anno\\Tecnologie web\\Tecnologie-Web-2022\\laraProj5\\vendor\\laravel\\framework\\src\\Illuminate\\Pipeline\\Pipeline.php(171): Illuminate\\Cookie\\Middleware\\AddQueuedCookiesToResponse->handle()
#39 C:\\Users\\DELL\\Desktop\\Università\\Terzo anno\\Tecnologie web\\Tecnologie-Web-2022\\laraProj5\\vendor\\laravel\\framework\\src\\Illuminate\\Cookie\\Middleware\\EncryptCookies.php(67): Illuminate\\Pipeline\\Pipeline->Illuminate\\Pipeline\\{closure}()
#40 C:\\Users\\DELL\\Desktop\\Università\\Terzo anno\\Tecnologie web\\Tecnologie-Web-2022\\laraProj5\\vendor\\laravel\\framework\\src\\Illuminate\\Pipeline\\Pipeline.php(171): Illuminate\\Cookie\\Middleware\\EncryptCookies->handle()
#41 C:\\Users\\DELL\\Desktop\\Università\\Terzo anno\\Tecnologie web\\Tecnologie-Web-2022\\laraProj5\\vendor\\laravel\\framework\\src\\Illuminate\\Pipeline\\Pipeline.php(105): Illuminate\\Pipeline\\Pipeline->Illuminate\\Pipeline\\{closure}()
#42 C:\\Users\\DELL\\Desktop\\Università\\Terzo anno\\Tecnologie web\\Tecnologie-Web-2022\\laraProj5\\vendor\\laravel\\framework\\src\\Illuminate\\Routing\\Router.php(683): Illuminate\\Pipeline\\Pipeline->then()
#43 C:\\Users\\DELL\\Desktop\\Università\\Terzo anno\\Tecnologie web\\Tecnologie-Web-2022\\laraProj5\\vendor\\laravel\\framework\\src\\Illuminate\\Routing\\Router.php(658): Illuminate\\Routing\\Router->runRouteWithinStack()
#44 C:\\Users\\DELL\\Desktop\\Università\\Terzo anno\\Tecnologie web\\Tecnologie-Web-2022\\laraProj5\\vendor\\laravel\\framework\\src\\Illuminate\\Routing\\Router.php(624): Illuminate\\Routing\\Router->runRoute()
#45 C:\\Users\\DELL\\Desktop\\Università\\Terzo anno\\Tecnologie web\\Tecnologie-Web-2022\\laraProj5\\vendor\\laravel\\framework\\src\\Illuminate\\Routing\\Router.php(613): Illuminate\\Routing\\Router->dispatchToRoute()
#46 C:\\Users\\DELL\\Desktop\\Università\\Terzo anno\\Tecnologie web\\Tecnologie-Web-2022\\laraProj5\\vendor\\laravel\\framework\\src\\Illuminate\\Foundation\\Http\\Kernel.php(170): Illuminate\\Routing\\Router->dispatch()
#47 C:\\Users\\DELL\\Desktop\\Università\\Terzo anno\\Tecnologie web\\Tecnologie-Web-2022\\laraProj5\\vendor\\laravel\\framework\\src\\Illuminate\\Pipeline\\Pipeline.php(130): Illuminate\\Foundation\\Http\\Kernel->Illuminate\\Foundation\\Http\\{closure}()
#48 C:\\Users\\DELL\\Desktop\\Università\\Terzo anno\\Tecnologie web\\Tecnologie-Web-2022\\laraProj5\\vendor\\laravel\\framework\\src\\Illuminate\\Foundation\\Http\\Middleware\\TransformsRequest.php(21): Illuminate\\Pipeline\\Pipeline->Illuminate\\Pipeline\\{closure}()
#49 C:\\Users\\DELL\\Desktop\\Università\\Terzo anno\\Tecnologie web\\Tecnologie-Web-2022\\laraProj5\\vendor\\laravel\\framework\\src\\Illuminate\\Pipeline\\Pipeline.php(171): Illuminate\\Foundation\\Http\\Middleware\\TransformsRequest->handle()
#50 C:\\Users\\DELL\\Desktop\\Università\\Terzo anno\\Tecnologie web\\Tecnologie-Web-2022\\laraProj5\\vendor\\laravel\\framework\\src\\Illuminate\\Foundation\\Http\\Middleware\\TransformsRequest.php(21): Illuminate\\Pipeline\\Pipeline->Illuminate\\Pipeline\\{closure}()
#51 C:\\Users\\DELL\\Desktop\\Università\\Terzo anno\\Tecnologie web\\Tecnologie-Web-2022\\laraProj5\\vendor\\laravel\\framework\\src\\Illuminate\\Pipeline\\Pipeline.php(171): Illuminate\\Foundation\\Http\\Middleware\\TransformsRequest->handle()
#52 C:\\Users\\DELL\\Desktop\\Università\\Terzo anno\\Tecnologie web\\Tecnologie-Web-2022\\laraProj5\\vendor\\laravel\\framework\\src\\Illuminate\\Foundation\\Http\\Middleware\\ValidatePostSize.php(27): Illuminate\\Pipeline\\Pipeline->Illuminate\\Pipeline\\{closure}()
#53 C:\\Users\\DELL\\Desktop\\Università\\Terzo anno\\Tecnologie web\\Tecnologie-Web-2022\\laraProj5\\vendor\\laravel\\framework\\src\\Illuminate\\Pipeline\\Pipeline.php(171): Illuminate\\Foundation\\Http\\Middleware\\ValidatePostSize->handle()
#54 C:\\Users\\DELL\\Desktop\\Università\\Terzo anno\\Tecnologie web\\Tecnologie-Web-2022\\laraProj5\\vendor\\laravel\\framework\\src\\Illuminate\\Foundation\\Http\\Middleware\\CheckForMaintenanceMode.php(63): Illuminate\\Pipeline\\Pipeline->Illuminate\\Pipeline\\{closure}()
#55 C:\\Users\\DELL\\Desktop\\Università\\Terzo anno\\Tecnologie web\\Tecnologie-Web-2022\\laraProj5\\vendor\\laravel\\framework\\src\\Illuminate\\Pipeline\\Pipeline.php(171): Illuminate\\Foundation\\Http\\Middleware\\CheckForMaintenanceMode->handle()
#56 C:\\Users\\DELL\\Desktop\\Università\\Terzo anno\\Tecnologie web\\Tecnologie-Web-2022\\laraProj5\\vendor\\fideloper\\proxy\\src\\TrustProxies.php(57): Illuminate\\Pipeline\\Pipeline->Illuminate\\Pipeline\\{closure}()
#57 C:\\Users\\DELL\\Desktop\\Università\\Terzo anno\\Tecnologie web\\Tecnologie-Web-2022\\laraProj5\\vendor\\laravel\\framework\\src\\Illuminate\\Pipeline\\Pipeline.php(171): Fideloper\\Proxy\\TrustProxies->handle()
#58 C:\\Users\\DELL\\Desktop\\Università\\Terzo anno\\Tecnologie web\\Tecnologie-Web-2022\\laraProj5\\vendor\\laravel\\framework\\src\\Illuminate\\Pipeline\\Pipeline.php(105): Illuminate\\Pipeline\\Pipeline->Illuminate\\Pipeline\\{closure}()
#59 C:\\Users\\DELL\\Desktop\\Università\\Terzo anno\\Tecnologie web\\Tecnologie-Web-2022\\laraProj5\\vendor\\laravel\\framework\\src\\Illuminate\\Foundation\\Http\\Kernel.php(145): Illuminate\\Pipeline\\Pipeline->then()
#60 C:\\Users\\DELL\\Desktop\\Università\\Terzo anno\\Tecnologie web\\Tecnologie-Web-2022\\laraProj5\\vendor\\laravel\\framework\\src\\Illuminate\\Foundation\\Http\\Kernel.php(110): Illuminate\\Foundation\\Http\\Kernel->sendRequestThroughRouter()
#61 C:\\Users\\DELL\\Desktop\\Università\\Terzo anno\\Tecnologie web\\Tecnologie-Web-2022\\laraProj5\\public\\index.php(55): Illuminate\\Foundation\\Http\\Kernel->handle()
#62 C:\\Users\\DELL\\Desktop\\Università\\Terzo anno\\Tecnologie web\\Tecnologie-Web-2022\\laraProj5\\server.php(21): require_once('C:\\\\Users\\\\DELL\\\\D...')
#63 {main}
"} 
[2022-06-04 17:20:15] local.ERROR: Method Illuminate\Database\Eloquent\Collection::delete does not exist. {"userId":1,"exception":"[object] (BadMethodCallException(code: 0): Method Illuminate\\Database\\Eloquent\\Collection::delete does not exist. at C:\\Users\\DELL\\Desktop\\Università\\Terzo anno\\Tecnologie web\\Tecnologie-Web-2022\\laraProj5\\vendor\\laravel\\framework\\src\\Illuminate\\Support\\Traits\\Macroable.php:103)
[stacktrace]
#0 C:\\Users\\DELL\\Desktop\\Università\\Terzo anno\\Tecnologie web\\Tecnologie-Web-2022\\laraProj5\\app\\Http\\Controllers\\LocatoreController.php(154): Illuminate\\Support\\Collection->__call()
#1 C:\\Users\\DELL\\Desktop\\Università\\Terzo anno\\Tecnologie web\\Tecnologie-Web-2022\\laraProj5\\vendor\\laravel\\framework\\src\\Illuminate\\Routing\\Controller.php(54): App\\Http\\Controllers\\LocatoreController->deleteAlloggioById()
#2 C:\\Users\\DELL\\Desktop\\Università\\Terzo anno\\Tecnologie web\\Tecnologie-Web-2022\\laraProj5\\vendor\\laravel\\framework\\src\\Illuminate\\Routing\\ControllerDispatcher.php(45): Illuminate\\Routing\\Controller->callAction()
#3 C:\\Users\\DELL\\Desktop\\Università\\Terzo anno\\Tecnologie web\\Tecnologie-Web-2022\\laraProj5\\vendor\\laravel\\framework\\src\\Illuminate\\Routing\\Route.php(219): Illuminate\\Routing\\ControllerDispatcher->dispatch()
#4 C:\\Users\\DELL\\Desktop\\Università\\Terzo anno\\Tecnologie web\\Tecnologie-Web-2022\\laraProj5\\vendor\\laravel\\framework\\src\\Illuminate\\Routing\\Route.php(176): Illuminate\\Routing\\Route->runController()
#5 C:\\Users\\DELL\\Desktop\\Università\\Terzo anno\\Tecnologie web\\Tecnologie-Web-2022\\laraProj5\\vendor\\laravel\\framework\\src\\Illuminate\\Routing\\Router.php(681): Illuminate\\Routing\\Route->run()
#6 C:\\Users\\DELL\\Desktop\\Università\\Terzo anno\\Tecnologie web\\Tecnologie-Web-2022\\laraProj5\\vendor\\laravel\\framework\\src\\Illuminate\\Pipeline\\Pipeline.php(130): Illuminate\\Routing\\Router->Illuminate\\Routing\\{closure}()
#7 C:\\Users\\DELL\\Desktop\\Università\\Terzo anno\\Tecnologie web\\Tecnologie-Web-2022\\laraProj5\\vendor\\laravel\\framework\\src\\Illuminate\\Auth\\Middleware\\Authorize.php(45): Illuminate\\Pipeline\\Pipeline->Illuminate\\Pipeline\\{closure}()
#8 C:\\Users\\DELL\\Desktop\\Università\\Terzo anno\\Tecnologie web\\Tecnologie-Web-2022\\laraProj5\\vendor\\laravel\\framework\\src\\Illuminate\\Pipeline\\Pipeline.php(171): Illuminate\\Auth\\Middleware\\Authorize->handle()
#9 C:\\Users\\DELL\\Desktop\\Università\\Terzo anno\\Tecnologie web\\Tecnologie-Web-2022\\laraProj5\\vendor\\laravel\\framework\\src\\Illuminate\\Routing\\Middleware\\SubstituteBindings.php(41): Illuminate\\Pipeline\\Pipeline->Illuminate\\Pipeline\\{closure}()
#10 C:\\Users\\DELL\\Desktop\\Università\\Terzo anno\\Tecnologie web\\Tecnologie-Web-2022\\laraProj5\\vendor\\laravel\\framework\\src\\Illuminate\\Pipeline\\Pipeline.php(171): Illuminate\\Routing\\Middleware\\SubstituteBindings->handle()
#11 C:\\Users\\DELL\\Desktop\\Università\\Terzo anno\\Tecnologie web\\Tecnologie-Web-2022\\laraProj5\\vendor\\laravel\\framework\\src\\Illuminate\\Foundation\\Http\\Middleware\\VerifyCsrfToken.php(78): Illuminate\\Pipeline\\Pipeline->Illuminate\\Pipeline\\{closure}()
#12 C:\\Users\\DELL\\Desktop\\Università\\Terzo anno\\Tecnologie web\\Tecnologie-Web-2022\\laraProj5\\vendor\\laravel\\framework\\src\\Illuminate\\Pipeline\\Pipeline.php(171): Illuminate\\Foundation\\Http\\Middleware\\VerifyCsrfToken->handle()
#13 C:\\Users\\DELL\\Desktop\\Università\\Terzo anno\\Tecnologie web\\Tecnologie-Web-2022\\laraProj5\\vendor\\laravel\\framework\\src\\Illuminate\\View\\Middleware\\ShareErrorsFromSession.php(49): Illuminate\\Pipeline\\Pipeline->Illuminate\\Pipeline\\{closure}()
#14 C:\\Users\\DELL\\Desktop\\Università\\Terzo anno\\Tecnologie web\\Tecnologie-Web-2022\\laraProj5\\vendor\\laravel\\framework\\src\\Illuminate\\Pipeline\\Pipeline.php(171): Illuminate\\View\\Middleware\\ShareErrorsFromSession->handle()
#15 C:\\Users\\DELL\\Desktop\\Università\\Terzo anno\\Tecnologie web\\Tecnologie-Web-2022\\laraProj5\\vendor\\laravel\\framework\\src\\Illuminate\\Session\\Middleware\\StartSession.php(56): Illuminate\\Pipeline\\Pipeline->Illuminate\\Pipeline\\{closure}()
#16 C:\\Users\\DELL\\Desktop\\Università\\Terzo anno\\Tecnologie web\\Tecnologie-Web-2022\\laraProj5\\vendor\\laravel\\framework\\src\\Illuminate\\Pipeline\\Pipeline.php(171): Illuminate\\Session\\Middleware\\StartSession->handle()
#17 C:\\Users\\DELL\\Desktop\\Università\\Terzo anno\\Tecnologie web\\Tecnologie-Web-2022\\laraProj5\\vendor\\laravel\\framework\\src\\Illuminate\\Cookie\\Middleware\\AddQueuedCookiesToResponse.php(37): Illuminate\\Pipeline\\Pipeline->Illuminate\\Pipeline\\{closure}()
#18 C:\\Users\\DELL\\Desktop\\Università\\Terzo anno\\Tecnologie web\\Tecnologie-Web-2022\\laraProj5\\vendor\\laravel\\framework\\src\\Illuminate\\Pipeline\\Pipeline.php(171): Illuminate\\Cookie\\Middleware\\AddQueuedCookiesToResponse->handle()
#19 C:\\Users\\DELL\\Desktop\\Università\\Terzo anno\\Tecnologie web\\Tecnologie-Web-2022\\laraProj5\\vendor\\laravel\\framework\\src\\Illuminate\\Cookie\\Middleware\\EncryptCookies.php(67): Illuminate\\Pipeline\\Pipeline->Illuminate\\Pipeline\\{closure}()
#20 C:\\Users\\DELL\\Desktop\\Università\\Terzo anno\\Tecnologie web\\Tecnologie-Web-2022\\laraProj5\\vendor\\laravel\\framework\\src\\Illuminate\\Pipeline\\Pipeline.php(171): Illuminate\\Cookie\\Middleware\\EncryptCookies->handle()
#21 C:\\Users\\DELL\\Desktop\\Università\\Terzo anno\\Tecnologie web\\Tecnologie-Web-2022\\laraProj5\\vendor\\laravel\\framework\\src\\Illuminate\\Pipeline\\Pipeline.php(105): Illuminate\\Pipeline\\Pipeline->Illuminate\\Pipeline\\{closure}()
#22 C:\\Users\\DELL\\Desktop\\Università\\Terzo anno\\Tecnologie web\\Tecnologie-Web-2022\\laraProj5\\vendor\\laravel\\framework\\src\\Illuminate\\Routing\\Router.php(683): Illuminate\\Pipeline\\Pipeline->then()
#23 C:\\Users\\DELL\\Desktop\\Università\\Terzo anno\\Tecnologie web\\Tecnologie-Web-2022\\laraProj5\\vendor\\laravel\\framework\\src\\Illuminate\\Routing\\Router.php(658): Illuminate\\Routing\\Router->runRouteWithinStack()
#24 C:\\Users\\DELL\\Desktop\\Università\\Terzo anno\\Tecnologie web\\Tecnologie-Web-2022\\laraProj5\\vendor\\laravel\\framework\\src\\Illuminate\\Routing\\Router.php(624): Illuminate\\Routing\\Router->runRoute()
#25 C:\\Users\\DELL\\Desktop\\Università\\Terzo anno\\Tecnologie web\\Tecnologie-Web-2022\\laraProj5\\vendor\\laravel\\framework\\src\\Illuminate\\Routing\\Router.php(613): Illuminate\\Routing\\Router->dispatchToRoute()
#26 C:\\Users\\DELL\\Desktop\\Università\\Terzo anno\\Tecnologie web\\Tecnologie-Web-2022\\laraProj5\\vendor\\laravel\\framework\\src\\Illuminate\\Foundation\\Http\\Kernel.php(170): Illuminate\\Routing\\Router->dispatch()
#27 C:\\Users\\DELL\\Desktop\\Università\\Terzo anno\\Tecnologie web\\Tecnologie-Web-2022\\laraProj5\\vendor\\laravel\\framework\\src\\Illuminate\\Pipeline\\Pipeline.php(130): Illuminate\\Foundation\\Http\\Kernel->Illuminate\\Foundation\\Http\\{closure}()
#28 C:\\Users\\DELL\\Desktop\\Università\\Terzo anno\\Tecnologie web\\Tecnologie-Web-2022\\laraProj5\\vendor\\laravel\\framework\\src\\Illuminate\\Foundation\\Http\\Middleware\\TransformsRequest.php(21): Illuminate\\Pipeline\\Pipeline->Illuminate\\Pipeline\\{closure}()
#29 C:\\Users\\DELL\\Desktop\\Università\\Terzo anno\\Tecnologie web\\Tecnologie-Web-2022\\laraProj5\\vendor\\laravel\\framework\\src\\Illuminate\\Pipeline\\Pipeline.php(171): Illuminate\\Foundation\\Http\\Middleware\\TransformsRequest->handle()
#30 C:\\Users\\DELL\\Desktop\\Università\\Terzo anno\\Tecnologie web\\Tecnologie-Web-2022\\laraProj5\\vendor\\laravel\\framework\\src\\Illuminate\\Foundation\\Http\\Middleware\\TransformsRequest.php(21): Illuminate\\Pipeline\\Pipeline->Illuminate\\Pipeline\\{closure}()
#31 C:\\Users\\DELL\\Desktop\\Università\\Terzo anno\\Tecnologie web\\Tecnologie-Web-2022\\laraProj5\\vendor\\laravel\\framework\\src\\Illuminate\\Pipeline\\Pipeline.php(171): Illuminate\\Foundation\\Http\\Middleware\\TransformsRequest->handle()
#32 C:\\Users\\DELL\\Desktop\\Università\\Terzo anno\\Tecnologie web\\Tecnologie-Web-2022\\laraProj5\\vendor\\laravel\\framework\\src\\Illuminate\\Foundation\\Http\\Middleware\\ValidatePostSize.php(27): Illuminate\\Pipeline\\Pipeline->Illuminate\\Pipeline\\{closure}()
#33 C:\\Users\\DELL\\Desktop\\Università\\Terzo anno\\Tecnologie web\\Tecnologie-Web-2022\\laraProj5\\vendor\\laravel\\framework\\src\\Illuminate\\Pipeline\\Pipeline.php(171): Illuminate\\Foundation\\Http\\Middleware\\ValidatePostSize->handle()
#34 C:\\Users\\DELL\\Desktop\\Università\\Terzo anno\\Tecnologie web\\Tecnologie-Web-2022\\laraProj5\\vendor\\laravel\\framework\\src\\Illuminate\\Foundation\\Http\\Middleware\\CheckForMaintenanceMode.php(63): Illuminate\\Pipeline\\Pipeline->Illuminate\\Pipeline\\{closure}()
#35 C:\\Users\\DELL\\Desktop\\Università\\Terzo anno\\Tecnologie web\\Tecnologie-Web-2022\\laraProj5\\vendor\\laravel\\framework\\src\\Illuminate\\Pipeline\\Pipeline.php(171): Illuminate\\Foundation\\Http\\Middleware\\CheckForMaintenanceMode->handle()
#36 C:\\Users\\DELL\\Desktop\\Università\\Terzo anno\\Tecnologie web\\Tecnologie-Web-2022\\laraProj5\\vendor\\fideloper\\proxy\\src\\TrustProxies.php(57): Illuminate\\Pipeline\\Pipeline->Illuminate\\Pipeline\\{closure}()
#37 C:\\Users\\DELL\\Desktop\\Università\\Terzo anno\\Tecnologie web\\Tecnologie-Web-2022\\laraProj5\\vendor\\laravel\\framework\\src\\Illuminate\\Pipeline\\Pipeline.php(171): Fideloper\\Proxy\\TrustProxies->handle()
#38 C:\\Users\\DELL\\Desktop\\Università\\Terzo anno\\Tecnologie web\\Tecnologie-Web-2022\\laraProj5\\vendor\\laravel\\framework\\src\\Illuminate\\Pipeline\\Pipeline.php(105): Illuminate\\Pipeline\\Pipeline->Illuminate\\Pipeline\\{closure}()
#39 C:\\Users\\DELL\\Desktop\\Università\\Terzo anno\\Tecnologie web\\Tecnologie-Web-2022\\laraProj5\\vendor\\laravel\\framework\\src\\Illuminate\\Foundation\\Http\\Kernel.php(145): Illuminate\\Pipeline\\Pipeline->then()
#40 C:\\Users\\DELL\\Desktop\\Università\\Terzo anno\\Tecnologie web\\Tecnologie-Web-2022\\laraProj5\\vendor\\laravel\\framework\\src\\Illuminate\\Foundation\\Http\\Kernel.php(110): Illuminate\\Foundation\\Http\\Kernel->sendRequestThroughRouter()
#41 C:\\Users\\DELL\\Desktop\\Università\\Terzo anno\\Tecnologie web\\Tecnologie-Web-2022\\laraProj5\\public\\index.php(55): Illuminate\\Foundation\\Http\\Kernel->handle()
#42 C:\\Users\\DELL\\Desktop\\Università\\Terzo anno\\Tecnologie web\\Tecnologie-Web-2022\\laraProj5\\server.php(21): require_once('C:\\\\Users\\\\DELL\\\\D...')
#43 {main}
"} 
